<?xml version="1.0" encoding="UTF-8"?>
<!-- Generated by org.testng.reporters.JUnitXMLReporter -->
<testsuite hostname="SLL013517" name="Default test" tests="9" failures="0" timestamp="28 Jul 2021 05:46:10 GMT" time="0.561" errors="0">
  <testcase name="testFetchData" time="0.039" classname="DataUtility.UtilityTest"/>
  <testcase name="testFetchData" time="0.009" classname="DataUtility.UtilityTest"/>
  <testcase name="testFetchData" time="0.007" classname="DataUtility.UtilityTest"/>
  <testcase name="testFetchData" time="0.007" classname="DataUtility.UtilityTest"/>
  <testcase name="testFetchData" time="0.007" classname="DataUtility.UtilityTest"/>
  <testcase name="testRetrieveColumnNames" time="0.007" classname="DataUtility.UtilityTest"/>
  <testcase name="testRetrieveColumnNames" time="0.008" classname="DataUtility.UtilityTest"/>
  <testcase name="testRetrieveColumnNames" time="0.008" classname="DataUtility.UtilityTest"/>
  <testcase name="testRetrieveTableNames" time="0.007" classname="DataUtility.UtilityTest"/>
</testsuite> <!-- Default test -->
